2024-04-24 00:41:53,831 INFO org.springframework.orm.jpa.AbstractEntityManagerFactoryBean [SpringApplicationShutdownHook] Closing JPA EntityManagerFactory for persistence unit 'default'
2024-04-24 00:41:53,863 INFO com.zaxxer.hikari.HikariDataSource [SpringApplicationShutdownHook] HikariPool-1 - Shutdown initiated...
2024-04-24 00:41:53,873 INFO com.zaxxer.hikari.HikariDataSource [SpringApplicationShutdownHook] HikariPool-1 - Shutdown completed.
2024-04-24 00:54:55,190 INFO org.hibernate.validator.internal.util.Version [background-preinit] HV000001: Hibernate Validator 6.2.3.Final
2024-04-24 00:54:55,191 INFO org.springframework.boot.StartupInfoLogger [restartedMain] Starting BlogAppApisApplication using Java 17.0.7 on GEMGN-220270 with PID 5456 (C:\Users\kaushik.dwivedi\Documents\workspace-spring-tool-suite-4-4.22.0.RELEASE\Backend-Course-Blogging-Application-main\target\classes started by Kaushik.Dwivedi in C:\Users\kaushik.dwivedi\Documents\workspace-spring-tool-suite-4-4.22.0.RELEASE\Backend-Course-Blogging-Application-main)
2024-04-24 00:54:55,192 DEBUG org.springframework.boot.StartupInfoLogger [restartedMain] Running with Spring Boot v2.7.2, Spring v5.3.22
2024-04-24 00:54:55,193 INFO org.springframework.boot.SpringApplication [restartedMain] No active profile set, falling back to 1 default profile: "default"
2024-04-24 00:54:55,269 INFO org.springframework.boot.logging.DeferredLog [restartedMain] Devtools property defaults active! Set 'spring.devtools.add-properties' to 'false' to disable
2024-04-24 00:54:55,270 INFO org.springframework.boot.logging.DeferredLog [restartedMain] For additional web related logging consider setting the 'logging.level.web' property to 'DEBUG'
2024-04-24 00:54:56,433 INFO org.springframework.data.repository.config.RepositoryConfigurationDelegate [restartedMain] Bootstrapping Spring Data JPA repositories in DEFAULT mode.
2024-04-24 00:54:56,525 INFO org.springframework.data.repository.config.RepositoryConfigurationDelegate [restartedMain] Finished Spring Data repository scanning in 82 ms. Found 5 JPA repository interfaces.
2024-04-24 00:54:57,691 INFO org.springframework.boot.web.embedded.tomcat.TomcatWebServer [restartedMain] Tomcat initialized with port(s): 8080 (http)
2024-04-24 00:54:57,705 INFO org.apache.juli.logging.DirectJDKLog [restartedMain] Initializing ProtocolHandler ["http-nio-8080"]
2024-04-24 00:54:57,707 INFO org.apache.juli.logging.DirectJDKLog [restartedMain] Starting service [Tomcat]
2024-04-24 00:54:57,707 INFO org.apache.juli.logging.DirectJDKLog [restartedMain] Starting Servlet engine: [Apache Tomcat/9.0.65]
2024-04-24 00:54:57,834 INFO org.apache.juli.logging.DirectJDKLog [restartedMain] Initializing Spring embedded WebApplicationContext
2024-04-24 00:54:57,834 INFO org.springframework.boot.web.servlet.context.ServletWebServerApplicationContext [restartedMain] Root WebApplicationContext: initialization completed in 2563 ms
2024-04-24 00:54:58,069 INFO org.hibernate.jpa.internal.util.LogHelper [restartedMain] HHH000204: Processing PersistenceUnitInfo [name: default]
2024-04-24 00:54:58,152 INFO org.hibernate.Version [restartedMain] HHH000412: Hibernate ORM core version 5.6.10.Final
2024-04-24 00:54:58,368 INFO org.hibernate.annotations.common.reflection.java.JavaReflectionManager [restartedMain] HCANN000001: Hibernate Commons Annotations {5.1.2.Final}
2024-04-24 00:54:58,515 INFO com.zaxxer.hikari.HikariDataSource [restartedMain] HikariPool-1 - Starting...
2024-04-24 00:54:58,980 INFO com.zaxxer.hikari.HikariDataSource [restartedMain] HikariPool-1 - Start completed.
2024-04-24 00:54:59,000 INFO org.hibernate.dialect.Dialect [restartedMain] HHH000400: Using dialect: org.hibernate.dialect.MySQL8Dialect
2024-04-24 00:55:00,145 INFO org.hibernate.engine.transaction.jta.platform.internal.JtaPlatformInitiator [restartedMain] HHH000490: Using JtaPlatform implementation: [org.hibernate.engine.transaction.jta.platform.internal.NoJtaPlatform]
2024-04-24 00:55:00,154 INFO org.springframework.orm.jpa.AbstractEntityManagerFactoryBean [restartedMain] Initialized JPA EntityManagerFactory for persistence unit 'default'
2024-04-24 00:55:00,608 DEBUG org.springframework.web.filter.GenericFilterBean [restartedMain] Filter 'jwtAuthenticationFilter' configured for use
2024-04-24 00:55:01,038 DEBUG org.springframework.security.access.prepost.PrePostAnnotationSecurityMetadataSource [restartedMain] @org.springframework.security.access.prepost.PreAuthorize("hasRole(\'ADMIN\')") found on specific method: public org.springframework.http.ResponseEntity com.blog.controllers.UserController.deleteUser(java.lang.Integer)
2024-04-24 00:55:01,065 DEBUG org.springframework.security.access.method.DelegatingMethodSecurityMetadataSource [restartedMain] Caching method [CacheKey[com.blog.controllers.UserController; public org.springframework.http.ResponseEntity com.blog.controllers.UserController.deleteUser(java.lang.Integer)]] with attributes [[authorize: 'hasRole('ADMIN')', filter: 'null', filterTarget: 'null']]
2024-04-24 00:55:01,380 WARN org.springframework.boot.autoconfigure.orm.jpa.JpaBaseConfiguration$JpaWebConfiguration [restartedMain] spring.jpa.open-in-view is enabled by default. Therefore, database queries may be performed during view rendering. Explicitly configure spring.jpa.open-in-view to disable this warning
2024-04-24 00:55:01,645 INFO org.springframework.security.web.DefaultSecurityFilterChain [restartedMain] Will secure any request with [org.springframework.security.web.session.DisableEncodeUrlFilter@395d9b02, org.springframework.security.web.context.request.async.WebAsyncManagerIntegrationFilter@1799f533, org.springframework.security.web.context.SecurityContextPersistenceFilter@b9d8d29, org.springframework.security.web.header.HeaderWriterFilter@6de2f3c8, org.springframework.security.web.authentication.logout.LogoutFilter@66470cc6, com.blog.security.JwtAuthenticationFilter@3e5a6c2d, org.springframework.security.web.savedrequest.RequestCacheAwareFilter@50f03342, org.springframework.security.web.servletapi.SecurityContextHolderAwareRequestFilter@6cf3d9fc, org.springframework.security.web.authentication.AnonymousAuthenticationFilter@36f89789, org.springframework.security.web.session.SessionManagementFilter@4f3466e3, org.springframework.security.web.access.ExceptionTranslationFilter@659eefde, org.springframework.security.web.access.intercept.AuthorizationFilter@3832cb19]
2024-04-24 00:55:01,752 INFO org.springframework.boot.devtools.autoconfigure.OptionalLiveReloadServer [restartedMain] LiveReload server is running on port 35729
2024-04-24 00:55:02,063 INFO org.apache.juli.logging.DirectJDKLog [restartedMain] Starting ProtocolHandler ["http-nio-8080"]
2024-04-24 00:55:02,094 INFO org.springframework.boot.web.embedded.tomcat.TomcatWebServer [restartedMain] Tomcat started on port(s): 8080 (http) with context path ''
2024-04-24 00:55:02,629 INFO org.springframework.boot.StartupInfoLogger [restartedMain] Started BlogAppApisApplication in 8.09 seconds (JVM running for 8.737)
2024-04-24 01:21:47,509 INFO org.springframework.orm.jpa.AbstractEntityManagerFactoryBean [Thread-4] Closing JPA EntityManagerFactory for persistence unit 'default'
2024-04-24 01:21:47,513 INFO com.zaxxer.hikari.HikariDataSource [Thread-4] HikariPool-1 - Shutdown initiated...
2024-04-24 01:21:47,527 INFO com.zaxxer.hikari.HikariDataSource [Thread-4] HikariPool-1 - Shutdown completed.
2024-04-24 01:21:47,665 INFO org.springframework.boot.StartupInfoLogger [restartedMain] Starting BlogAppApisApplication using Java 17.0.7 on GEMGN-220270 with PID 5456 (C:\Users\kaushik.dwivedi\Documents\workspace-spring-tool-suite-4-4.22.0.RELEASE\Backend-Course-Blogging-Application-main\target\classes started by Kaushik.Dwivedi in C:\Users\kaushik.dwivedi\Documents\workspace-spring-tool-suite-4-4.22.0.RELEASE\Backend-Course-Blogging-Application-main)
2024-04-24 01:21:47,665 DEBUG org.springframework.boot.StartupInfoLogger [restartedMain] Running with Spring Boot v2.7.2, Spring v5.3.22
2024-04-24 01:21:47,666 INFO org.springframework.boot.SpringApplication [restartedMain] No active profile set, falling back to 1 default profile: "default"
2024-04-24 01:21:48,174 INFO org.springframework.data.repository.config.RepositoryConfigurationDelegate [restartedMain] Bootstrapping Spring Data JPA repositories in DEFAULT mode.
2024-04-24 01:21:48,223 INFO org.springframework.data.repository.config.RepositoryConfigurationDelegate [restartedMain] Finished Spring Data repository scanning in 48 ms. Found 5 JPA repository interfaces.
2024-04-24 01:21:48,394 INFO org.springframework.boot.web.embedded.tomcat.TomcatWebServer [restartedMain] Tomcat initialized with port(s): 8080 (http)
2024-04-24 01:21:48,395 INFO org.apache.juli.logging.DirectJDKLog [restartedMain] Initializing ProtocolHandler ["http-nio-8080"]
2024-04-24 01:21:48,396 INFO org.apache.juli.logging.DirectJDKLog [restartedMain] Starting service [Tomcat]
2024-04-24 01:21:48,396 INFO org.apache.juli.logging.DirectJDKLog [restartedMain] Starting Servlet engine: [Apache Tomcat/9.0.65]
2024-04-24 01:21:48,433 INFO org.apache.juli.logging.DirectJDKLog [restartedMain] Initializing Spring embedded WebApplicationContext
2024-04-24 01:21:48,433 INFO org.springframework.boot.web.servlet.context.ServletWebServerApplicationContext [restartedMain] Root WebApplicationContext: initialization completed in 763 ms
2024-04-24 01:21:48,504 INFO org.hibernate.jpa.internal.util.LogHelper [restartedMain] HHH000204: Processing PersistenceUnitInfo [name: default]
2024-04-24 01:21:48,515 INFO com.zaxxer.hikari.HikariDataSource [restartedMain] HikariPool-2 - Starting...
2024-04-24 01:21:48,542 INFO com.zaxxer.hikari.HikariDataSource [restartedMain] HikariPool-2 - Start completed.
2024-04-24 01:21:48,543 INFO org.hibernate.dialect.Dialect [restartedMain] HHH000400: Using dialect: org.hibernate.dialect.MySQL8Dialect
2024-04-24 01:21:48,716 INFO org.hibernate.engine.transaction.jta.platform.internal.JtaPlatformInitiator [restartedMain] HHH000490: Using JtaPlatform implementation: [org.hibernate.engine.transaction.jta.platform.internal.NoJtaPlatform]
2024-04-24 01:21:48,717 INFO org.springframework.orm.jpa.AbstractEntityManagerFactoryBean [restartedMain] Initialized JPA EntityManagerFactory for persistence unit 'default'
2024-04-24 01:21:48,829 DEBUG org.springframework.web.filter.GenericFilterBean [restartedMain] Filter 'jwtAuthenticationFilter' configured for use
2024-04-24 01:21:48,888 WARN org.springframework.context.support.AbstractApplicationContext [restartedMain] Exception encountered during context initialization - cancelling refresh attempt: org.springframework.beans.factory.UnsatisfiedDependencyException: Error creating bean with name 'authController': Unsatisfied dependency expressed through field 'userService'; nested exception is org.springframework.beans.factory.NoSuchBeanDefinitionException: No qualifying bean of type 'com.blog.services.UserService' available: expected at least 1 bean which qualifies as autowire candidate. Dependency annotations: {@org.springframework.beans.factory.annotation.Autowired(required=true)}
2024-04-24 01:21:48,889 INFO org.springframework.orm.jpa.AbstractEntityManagerFactoryBean [restartedMain] Closing JPA EntityManagerFactory for persistence unit 'default'
2024-04-24 01:21:48,891 INFO com.zaxxer.hikari.HikariDataSource [restartedMain] HikariPool-2 - Shutdown initiated...
2024-04-24 01:21:48,900 INFO com.zaxxer.hikari.HikariDataSource [restartedMain] HikariPool-2 - Shutdown completed.
2024-04-24 01:21:48,901 INFO org.apache.juli.logging.DirectJDKLog [restartedMain] Stopping service [Tomcat]
2024-04-24 01:21:48,908 INFO org.springframework.boot.autoconfigure.logging.ConditionEvaluationReportLoggingListener [restartedMain] 

Error starting ApplicationContext. To display the conditions report re-run your application with 'debug' enabled.
2024-04-24 01:21:48,941 ERROR org.springframework.boot.diagnostics.LoggingFailureAnalysisReporter [restartedMain] 

***************************
APPLICATION FAILED TO START
***************************

Description:

Field userService in com.blog.controllers.AuthController required a bean of type 'com.blog.services.UserService' that could not be found.

The injection point has the following annotations:
	- @org.springframework.beans.factory.annotation.Autowired(required=true)


Action:

Consider defining a bean of type 'com.blog.services.UserService' in your configuration.

2024-04-24 01:21:50,539 INFO org.springframework.boot.StartupInfoLogger [restartedMain] Starting BlogAppApisApplication using Java 17.0.7 on GEMGN-220270 with PID 5456 (C:\Users\kaushik.dwivedi\Documents\workspace-spring-tool-suite-4-4.22.0.RELEASE\Backend-Course-Blogging-Application-main\target\classes started by Kaushik.Dwivedi in C:\Users\kaushik.dwivedi\Documents\workspace-spring-tool-suite-4-4.22.0.RELEASE\Backend-Course-Blogging-Application-main)
2024-04-24 01:21:50,541 DEBUG org.springframework.boot.StartupInfoLogger [restartedMain] Running with Spring Boot v2.7.2, Spring v5.3.22
2024-04-24 01:21:50,541 INFO org.springframework.boot.SpringApplication [restartedMain] No active profile set, falling back to 1 default profile: "default"
2024-04-24 01:21:51,000 INFO org.springframework.data.repository.config.RepositoryConfigurationDelegate [restartedMain] Bootstrapping Spring Data JPA repositories in DEFAULT mode.
2024-04-24 01:21:51,049 INFO org.springframework.data.repository.config.RepositoryConfigurationDelegate [restartedMain] Finished Spring Data repository scanning in 48 ms. Found 5 JPA repository interfaces.
2024-04-24 01:21:51,211 INFO org.springframework.boot.web.embedded.tomcat.TomcatWebServer [restartedMain] Tomcat initialized with port(s): 8080 (http)
2024-04-24 01:21:51,212 INFO org.apache.juli.logging.DirectJDKLog [restartedMain] Initializing ProtocolHandler ["http-nio-8080"]
2024-04-24 01:21:51,212 INFO org.apache.juli.logging.DirectJDKLog [restartedMain] Starting service [Tomcat]
2024-04-24 01:21:51,213 INFO org.apache.juli.logging.DirectJDKLog [restartedMain] Starting Servlet engine: [Apache Tomcat/9.0.65]
2024-04-24 01:21:51,247 INFO org.apache.juli.logging.DirectJDKLog [restartedMain] Initializing Spring embedded WebApplicationContext
2024-04-24 01:21:51,247 INFO org.springframework.boot.web.servlet.context.ServletWebServerApplicationContext [restartedMain] Root WebApplicationContext: initialization completed in 703 ms
2024-04-24 01:21:51,302 INFO org.hibernate.jpa.internal.util.LogHelper [restartedMain] HHH000204: Processing PersistenceUnitInfo [name: default]
2024-04-24 01:21:51,310 INFO com.zaxxer.hikari.HikariDataSource [restartedMain] HikariPool-3 - Starting...
2024-04-24 01:21:51,331 INFO com.zaxxer.hikari.HikariDataSource [restartedMain] HikariPool-3 - Start completed.
2024-04-24 01:21:51,332 INFO org.hibernate.dialect.Dialect [restartedMain] HHH000400: Using dialect: org.hibernate.dialect.MySQL8Dialect
2024-04-24 01:21:51,491 INFO org.hibernate.engine.transaction.jta.platform.internal.JtaPlatformInitiator [restartedMain] HHH000490: Using JtaPlatform implementation: [org.hibernate.engine.transaction.jta.platform.internal.NoJtaPlatform]
2024-04-24 01:21:51,492 INFO org.springframework.orm.jpa.AbstractEntityManagerFactoryBean [restartedMain] Initialized JPA EntityManagerFactory for persistence unit 'default'
2024-04-24 01:21:51,608 DEBUG org.springframework.web.filter.GenericFilterBean [restartedMain] Filter 'jwtAuthenticationFilter' configured for use
2024-04-24 01:21:51,758 DEBUG org.springframework.security.access.prepost.PrePostAnnotationSecurityMetadataSource [restartedMain] @org.springframework.security.access.prepost.PreAuthorize("hasRole(\'ADMIN\')") found on specific method: public org.springframework.http.ResponseEntity com.blog.controllers.UserController.deleteUser(java.lang.Integer)
2024-04-24 01:21:51,759 DEBUG org.springframework.security.access.method.DelegatingMethodSecurityMetadataSource [restartedMain] Caching method [CacheKey[com.blog.controllers.UserController; public org.springframework.http.ResponseEntity com.blog.controllers.UserController.deleteUser(java.lang.Integer)]] with attributes [[authorize: 'hasRole('ADMIN')', filter: 'null', filterTarget: 'null']]
2024-04-24 01:21:51,858 WARN org.springframework.boot.autoconfigure.orm.jpa.JpaBaseConfiguration$JpaWebConfiguration [restartedMain] spring.jpa.open-in-view is enabled by default. Therefore, database queries may be performed during view rendering. Explicitly configure spring.jpa.open-in-view to disable this warning
2024-04-24 01:21:51,917 INFO org.springframework.security.web.DefaultSecurityFilterChain [restartedMain] Will secure any request with [org.springframework.security.web.session.DisableEncodeUrlFilter@5a7b5bad, org.springframework.security.web.context.request.async.WebAsyncManagerIntegrationFilter@761dc8dc, org.springframework.security.web.context.SecurityContextPersistenceFilter@7b6115f4, org.springframework.security.web.header.HeaderWriterFilter@15266a37, org.springframework.security.web.authentication.logout.LogoutFilter@455d22fc, com.blog.security.JwtAuthenticationFilter@183761c5, org.springframework.security.web.savedrequest.RequestCacheAwareFilter@5c975229, org.springframework.security.web.servletapi.SecurityContextHolderAwareRequestFilter@7ac6ec5e, org.springframework.security.web.authentication.AnonymousAuthenticationFilter@3c59de7d, org.springframework.security.web.session.SessionManagementFilter@369f5eb1, org.springframework.security.web.access.ExceptionTranslationFilter@459c59a8, org.springframework.security.web.access.intercept.AuthorizationFilter@6e548a41]
2024-04-24 01:21:51,972 INFO org.springframework.boot.devtools.autoconfigure.OptionalLiveReloadServer [restartedMain] LiveReload server is running on port 35729
2024-04-24 01:21:52,112 INFO org.apache.juli.logging.DirectJDKLog [restartedMain] Starting ProtocolHandler ["http-nio-8080"]
2024-04-24 01:21:52,120 INFO org.springframework.boot.web.embedded.tomcat.TomcatWebServer [restartedMain] Tomcat started on port(s): 8080 (http) with context path ''
2024-04-24 01:21:52,357 INFO org.springframework.boot.StartupInfoLogger [restartedMain] Started BlogAppApisApplication in 1.897 seconds (JVM running for 1618.414)
2024-04-24 01:21:52,374 INFO org.springframework.boot.devtools.autoconfigure.ConditionEvaluationDeltaLoggingListener [restartedMain] Condition evaluation unchanged
2024-04-24 02:38:21,672 INFO org.springframework.orm.jpa.AbstractEntityManagerFactoryBean [Thread-7] Closing JPA EntityManagerFactory for persistence unit 'default'
2024-04-24 02:38:21,674 INFO com.zaxxer.hikari.HikariDataSource [Thread-7] HikariPool-3 - Shutdown initiated...
2024-04-24 02:38:21,683 INFO com.zaxxer.hikari.HikariDataSource [Thread-7] HikariPool-3 - Shutdown completed.
2024-04-24 02:38:22,134 INFO org.springframework.boot.StartupInfoLogger [restartedMain] Starting BlogAppApisApplication using Java 17.0.7 on GEMGN-220270 with PID 5456 (C:\Users\kaushik.dwivedi\Documents\workspace-spring-tool-suite-4-4.22.0.RELEASE\Backend-Course-Blogging-Application-main\target\classes started by Kaushik.Dwivedi in C:\Users\kaushik.dwivedi\Documents\workspace-spring-tool-suite-4-4.22.0.RELEASE\Backend-Course-Blogging-Application-main)
2024-04-24 02:38:22,135 DEBUG org.springframework.boot.StartupInfoLogger [restartedMain] Running with Spring Boot v2.7.2, Spring v5.3.22
2024-04-24 02:38:22,135 INFO org.springframework.boot.SpringApplication [restartedMain] No active profile set, falling back to 1 default profile: "default"
2024-04-24 02:38:22,661 INFO org.springframework.data.repository.config.RepositoryConfigurationDelegate [restartedMain] Bootstrapping Spring Data JPA repositories in DEFAULT mode.
2024-04-24 02:38:22,663 INFO org.springframework.data.repository.config.RepositoryConfigurationDelegate [restartedMain] Finished Spring Data repository scanning in 0 ms. Found 0 JPA repository interfaces.
2024-04-24 02:38:22,930 INFO org.springframework.boot.web.embedded.tomcat.TomcatWebServer [restartedMain] Tomcat initialized with port(s): 8080 (http)
2024-04-24 02:38:22,932 INFO org.apache.juli.logging.DirectJDKLog [restartedMain] Initializing ProtocolHandler ["http-nio-8080"]
2024-04-24 02:38:22,933 INFO org.apache.juli.logging.DirectJDKLog [restartedMain] Starting service [Tomcat]
2024-04-24 02:38:22,934 INFO org.apache.juli.logging.DirectJDKLog [restartedMain] Starting Servlet engine: [Apache Tomcat/9.0.65]
2024-04-24 02:38:22,977 INFO org.apache.juli.logging.DirectJDKLog [restartedMain] Initializing Spring embedded WebApplicationContext
2024-04-24 02:38:22,977 INFO org.springframework.boot.web.servlet.context.ServletWebServerApplicationContext [restartedMain] Root WebApplicationContext: initialization completed in 835 ms
2024-04-24 02:38:23,039 INFO org.hibernate.jpa.internal.util.LogHelper [restartedMain] HHH000204: Processing PersistenceUnitInfo [name: default]
2024-04-24 02:38:23,049 INFO com.zaxxer.hikari.HikariDataSource [restartedMain] HikariPool-4 - Starting...
2024-04-24 02:38:23,072 INFO com.zaxxer.hikari.HikariDataSource [restartedMain] HikariPool-4 - Start completed.
2024-04-24 02:38:23,073 INFO org.hibernate.dialect.Dialect [restartedMain] HHH000400: Using dialect: org.hibernate.dialect.MySQL8Dialect
2024-04-24 02:38:23,107 INFO org.hibernate.engine.transaction.jta.platform.internal.JtaPlatformInitiator [restartedMain] HHH000490: Using JtaPlatform implementation: [org.hibernate.engine.transaction.jta.platform.internal.NoJtaPlatform]
2024-04-24 02:38:23,108 INFO org.springframework.orm.jpa.AbstractEntityManagerFactoryBean [restartedMain] Initialized JPA EntityManagerFactory for persistence unit 'default'
2024-04-24 02:38:23,117 WARN org.springframework.context.support.AbstractApplicationContext [restartedMain] Exception encountered during context initialization - cancelling refresh attempt: org.springframework.beans.factory.BeanCreationException: Error creating bean with name 'blogAppApisApplication': Post-processing of merged bean definition failed; nested exception is java.lang.IllegalStateException: Failed to introspect Class [com.blog.BlogAppApisApplication] from ClassLoader [jdk.internal.loader.ClassLoaders$AppClassLoader@1d44bcfa]
2024-04-24 02:38:23,118 INFO org.springframework.orm.jpa.AbstractEntityManagerFactoryBean [restartedMain] Closing JPA EntityManagerFactory for persistence unit 'default'
2024-04-24 02:38:23,118 INFO com.zaxxer.hikari.HikariDataSource [restartedMain] HikariPool-4 - Shutdown initiated...
2024-04-24 02:38:23,121 INFO com.zaxxer.hikari.HikariDataSource [restartedMain] HikariPool-4 - Shutdown completed.
2024-04-24 02:38:23,122 INFO org.apache.juli.logging.DirectJDKLog [restartedMain] Stopping service [Tomcat]
2024-04-24 02:38:23,128 INFO org.springframework.boot.autoconfigure.logging.ConditionEvaluationReportLoggingListener [restartedMain] 

Error starting ApplicationContext. To display the conditions report re-run your application with 'debug' enabled.
2024-04-24 02:38:23,142 ERROR org.springframework.boot.SpringApplication [restartedMain] Application run failed
org.springframework.beans.factory.BeanCreationException: Error creating bean with name 'blogAppApisApplication': Post-processing of merged bean definition failed; nested exception is java.lang.IllegalStateException: Failed to introspect Class [com.blog.BlogAppApisApplication] from ClassLoader [jdk.internal.loader.ClassLoaders$AppClassLoader@1d44bcfa]
	at org.springframework.beans.factory.support.AbstractAutowireCapableBeanFactory.doCreateBean(AbstractAutowireCapableBeanFactory.java:597)
	at org.springframework.beans.factory.support.AbstractAutowireCapableBeanFactory.createBean(AbstractAutowireCapableBeanFactory.java:542)
	at org.springframework.beans.factory.support.AbstractBeanFactory.lambda$doGetBean$0(AbstractBeanFactory.java:335)
	at org.springframework.beans.factory.support.DefaultSingletonBeanRegistry.getSingleton(DefaultSingletonBeanRegistry.java:234)
	at org.springframework.beans.factory.support.AbstractBeanFactory.doGetBean(AbstractBeanFactory.java:333)
	at org.springframework.beans.factory.support.AbstractBeanFactory.getBean(AbstractBeanFactory.java:208)
	at org.springframework.beans.factory.support.DefaultListableBeanFactory.preInstantiateSingletons(DefaultListableBeanFactory.java:955)
	at org.springframework.context.support.AbstractApplicationContext.finishBeanFactoryInitialization(AbstractApplicationContext.java:918)
	at org.springframework.context.support.AbstractApplicationContext.refresh(AbstractApplicationContext.java:583)
	at org.springframework.boot.web.servlet.context.ServletWebServerApplicationContext.refresh(ServletWebServerApplicationContext.java:147)
	at org.springframework.boot.SpringApplication.refresh(SpringApplication.java:734)
	at org.springframework.boot.SpringApplication.refreshContext(SpringApplication.java:408)
	at org.springframework.boot.SpringApplication.run(SpringApplication.java:308)
	at org.springframework.boot.SpringApplication.run(SpringApplication.java:1306)
	at org.springframework.boot.SpringApplication.run(SpringApplication.java:1295)
	at com.blog.BlogAppApisApplication.main(BlogAppApisApplication.java:26)
	at java.base/jdk.internal.reflect.NativeMethodAccessorImpl.invoke0(Native Method)
	at java.base/jdk.internal.reflect.NativeMethodAccessorImpl.invoke(NativeMethodAccessorImpl.java:77)
	at java.base/jdk.internal.reflect.DelegatingMethodAccessorImpl.invoke(DelegatingMethodAccessorImpl.java:43)
	at java.base/java.lang.reflect.Method.invoke(Method.java:568)
	at org.springframework.boot.devtools.restart.RestartLauncher.run(RestartLauncher.java:49)
Caused by: java.lang.IllegalStateException: Failed to introspect Class [com.blog.BlogAppApisApplication] from ClassLoader [jdk.internal.loader.ClassLoaders$AppClassLoader@1d44bcfa]
	at org.springframework.util.ReflectionUtils.getDeclaredFields(ReflectionUtils.java:743)
	at org.springframework.util.ReflectionUtils.doWithLocalFields(ReflectionUtils.java:675)
	at org.springframework.orm.jpa.support.PersistenceAnnotationBeanPostProcessor.buildPersistenceMetadata(PersistenceAnnotationBeanPostProcessor.java:407)
	at org.springframework.orm.jpa.support.PersistenceAnnotationBeanPostProcessor.findPersistenceMetadata(PersistenceAnnotationBeanPostProcessor.java:388)
	at org.springframework.orm.jpa.support.PersistenceAnnotationBeanPostProcessor.postProcessMergedBeanDefinition(PersistenceAnnotationBeanPostProcessor.java:335)
	at org.springframework.beans.factory.support.AbstractAutowireCapableBeanFactory.applyMergedBeanDefinitionPostProcessors(AbstractAutowireCapableBeanFactory.java:1116)
	at org.springframework.beans.factory.support.AbstractAutowireCapableBeanFactory.doCreateBean(AbstractAutowireCapableBeanFactory.java:594)
	... 20 common frames omitted
Caused by: java.lang.NoClassDefFoundError: com/blog/repositories/RoleRepo
	at java.base/java.lang.Class.getDeclaredFields0(Native Method)
	at java.base/java.lang.Class.privateGetDeclaredFields(Class.java:3297)
	at java.base/java.lang.Class.getDeclaredFields(Class.java:2371)
	at org.springframework.util.ReflectionUtils.getDeclaredFields(ReflectionUtils.java:738)
	... 26 common frames omitted
Caused by: java.lang.ClassNotFoundException: com.blog.repositories.RoleRepo
	at java.base/jdk.internal.loader.BuiltinClassLoader.loadClass(BuiltinClassLoader.java:641)
	at java.base/jdk.internal.loader.ClassLoaders$AppClassLoader.loadClass(ClassLoaders.java:188)
	at java.base/java.lang.ClassLoader.loadClass(ClassLoader.java:520)
	... 30 common frames omitted
2024-04-24 02:38:26,097 INFO org.springframework.boot.StartupInfoLogger [restartedMain] Starting BlogAppApisApplication using Java 17.0.7 on GEMGN-220270 with PID 5456 (C:\Users\kaushik.dwivedi\Documents\workspace-spring-tool-suite-4-4.22.0.RELEASE\Backend-Course-Blogging-Application-main\target\classes started by Kaushik.Dwivedi in C:\Users\kaushik.dwivedi\Documents\workspace-spring-tool-suite-4-4.22.0.RELEASE\Backend-Course-Blogging-Application-main)
2024-04-24 02:38:26,097 DEBUG org.springframework.boot.StartupInfoLogger [restartedMain] Running with Spring Boot v2.7.2, Spring v5.3.22
2024-04-24 02:38:26,098 INFO org.springframework.boot.SpringApplication [restartedMain] No active profile set, falling back to 1 default profile: "default"
2024-04-24 02:38:26,597 INFO org.springframework.data.repository.config.RepositoryConfigurationDelegate [restartedMain] Bootstrapping Spring Data JPA repositories in DEFAULT mode.
2024-04-24 02:38:26,652 INFO org.springframework.data.repository.config.RepositoryConfigurationDelegate [restartedMain] Finished Spring Data repository scanning in 53 ms. Found 5 JPA repository interfaces.
2024-04-24 02:38:26,824 INFO org.springframework.boot.web.embedded.tomcat.TomcatWebServer [restartedMain] Tomcat initialized with port(s): 8080 (http)
2024-04-24 02:38:26,825 INFO org.apache.juli.logging.DirectJDKLog [restartedMain] Initializing ProtocolHandler ["http-nio-8080"]
2024-04-24 02:38:26,826 INFO org.apache.juli.logging.DirectJDKLog [restartedMain] Starting service [Tomcat]
2024-04-24 02:38:26,826 INFO org.apache.juli.logging.DirectJDKLog [restartedMain] Starting Servlet engine: [Apache Tomcat/9.0.65]
2024-04-24 02:38:26,867 INFO org.apache.juli.logging.DirectJDKLog [restartedMain] Initializing Spring embedded WebApplicationContext
2024-04-24 02:38:26,868 INFO org.springframework.boot.web.servlet.context.ServletWebServerApplicationContext [restartedMain] Root WebApplicationContext: initialization completed in 767 ms
2024-04-24 02:38:26,948 INFO org.hibernate.jpa.internal.util.LogHelper [restartedMain] HHH000204: Processing PersistenceUnitInfo [name: default]
2024-04-24 02:38:26,956 INFO com.zaxxer.hikari.HikariDataSource [restartedMain] HikariPool-5 - Starting...
2024-04-24 02:38:26,986 INFO com.zaxxer.hikari.HikariDataSource [restartedMain] HikariPool-5 - Start completed.
2024-04-24 02:38:26,988 INFO org.hibernate.dialect.Dialect [restartedMain] HHH000400: Using dialect: org.hibernate.dialect.MySQL8Dialect
2024-04-24 02:38:27,219 INFO org.hibernate.engine.transaction.jta.platform.internal.JtaPlatformInitiator [restartedMain] HHH000490: Using JtaPlatform implementation: [org.hibernate.engine.transaction.jta.platform.internal.NoJtaPlatform]
2024-04-24 02:38:27,220 INFO org.springframework.orm.jpa.AbstractEntityManagerFactoryBean [restartedMain] Initialized JPA EntityManagerFactory for persistence unit 'default'
2024-04-24 02:38:27,341 DEBUG org.springframework.web.filter.GenericFilterBean [restartedMain] Filter 'jwtAuthenticationFilter' configured for use
2024-04-24 02:38:27,506 DEBUG org.springframework.security.access.prepost.PrePostAnnotationSecurityMetadataSource [restartedMain] @org.springframework.security.access.prepost.PreAuthorize("hasRole(\'ADMIN\')") found on specific method: public org.springframework.http.ResponseEntity com.blog.controllers.UserController.deleteUser(java.lang.Integer)
2024-04-24 02:38:27,506 DEBUG org.springframework.security.access.method.DelegatingMethodSecurityMetadataSource [restartedMain] Caching method [CacheKey[com.blog.controllers.UserController; public org.springframework.http.ResponseEntity com.blog.controllers.UserController.deleteUser(java.lang.Integer)]] with attributes [[authorize: 'hasRole('ADMIN')', filter: 'null', filterTarget: 'null']]
2024-04-24 02:38:27,634 WARN org.springframework.boot.autoconfigure.orm.jpa.JpaBaseConfiguration$JpaWebConfiguration [restartedMain] spring.jpa.open-in-view is enabled by default. Therefore, database queries may be performed during view rendering. Explicitly configure spring.jpa.open-in-view to disable this warning
2024-04-24 02:38:27,716 INFO org.springframework.security.web.DefaultSecurityFilterChain [restartedMain] Will secure any request with [org.springframework.security.web.session.DisableEncodeUrlFilter@5f68af, org.springframework.security.web.context.request.async.WebAsyncManagerIntegrationFilter@21bca5d2, org.springframework.security.web.context.SecurityContextPersistenceFilter@11430ae3, org.springframework.security.web.header.HeaderWriterFilter@44cc492b, org.springframework.security.web.authentication.logout.LogoutFilter@113fd942, com.blog.security.JwtAuthenticationFilter@1e1173eb, org.springframework.security.web.savedrequest.RequestCacheAwareFilter@7f66767f, org.springframework.security.web.servletapi.SecurityContextHolderAwareRequestFilter@59c5eda9, org.springframework.security.web.authentication.AnonymousAuthenticationFilter@5399f3d0, org.springframework.security.web.session.SessionManagementFilter@2df410e0, org.springframework.security.web.access.ExceptionTranslationFilter@57a73d81, org.springframework.security.web.access.intercept.AuthorizationFilter@6964a974]
2024-04-24 02:38:27,773 INFO org.springframework.boot.devtools.autoconfigure.OptionalLiveReloadServer [restartedMain] LiveReload server is running on port 35729
2024-04-24 02:38:28,012 INFO org.apache.juli.logging.DirectJDKLog [restartedMain] Starting ProtocolHandler ["http-nio-8080"]
2024-04-24 02:38:28,022 INFO org.springframework.boot.web.embedded.tomcat.TomcatWebServer [restartedMain] Tomcat started on port(s): 8080 (http) with context path ''
2024-04-24 02:38:28,253 INFO org.springframework.boot.StartupInfoLogger [restartedMain] Started BlogAppApisApplication in 2.202 seconds (JVM running for 6214.172)
2024-04-24 02:38:28,270 INFO org.springframework.boot.devtools.autoconfigure.ConditionEvaluationDeltaLoggingListener [restartedMain] Condition evaluation unchanged
2024-04-24 03:06:19,855 INFO org.springframework.orm.jpa.AbstractEntityManagerFactoryBean [SpringApplicationShutdownHook] Closing JPA EntityManagerFactory for persistence unit 'default'
2024-04-24 03:06:19,856 INFO com.zaxxer.hikari.HikariDataSource [SpringApplicationShutdownHook] HikariPool-5 - Shutdown initiated...
2024-04-24 03:06:19,863 INFO com.zaxxer.hikari.HikariDataSource [SpringApplicationShutdownHook] HikariPool-5 - Shutdown completed.
2024-04-24 12:31:45,495 INFO org.hibernate.validator.internal.util.Version [background-preinit] HV000001: Hibernate Validator 6.2.3.Final
2024-04-24 12:31:45,510 INFO org.springframework.boot.StartupInfoLogger [restartedMain] Starting BlogAppApisApplication using Java 17.0.7 on GEMGN-220270 with PID 4080 (C:\Users\kaushik.dwivedi\Documents\workspace-spring-tool-suite-4-4.22.0.RELEASE\Backend-Course-Blogging-Application-main\target\classes started by Kaushik.Dwivedi in C:\Users\kaushik.dwivedi\Documents\workspace-spring-tool-suite-4-4.22.0.RELEASE\Backend-Course-Blogging-Application-main)
2024-04-24 12:31:45,512 DEBUG org.springframework.boot.StartupInfoLogger [restartedMain] Running with Spring Boot v2.7.2, Spring v5.3.22
2024-04-24 12:31:45,513 INFO org.springframework.boot.SpringApplication [restartedMain] No active profile set, falling back to 1 default profile: "default"
2024-04-24 12:31:45,604 INFO org.springframework.boot.logging.DeferredLog [restartedMain] Devtools property defaults active! Set 'spring.devtools.add-properties' to 'false' to disable
2024-04-24 12:31:45,605 INFO org.springframework.boot.logging.DeferredLog [restartedMain] For additional web related logging consider setting the 'logging.level.web' property to 'DEBUG'
2024-04-24 12:31:47,921 INFO org.springframework.data.repository.config.RepositoryConfigurationDelegate [restartedMain] Bootstrapping Spring Data JPA repositories in DEFAULT mode.
2024-04-24 12:31:48,103 INFO org.springframework.data.repository.config.RepositoryConfigurationDelegate [restartedMain] Finished Spring Data repository scanning in 160 ms. Found 5 JPA repository interfaces.
2024-04-24 12:31:49,898 INFO org.springframework.boot.web.embedded.tomcat.TomcatWebServer [restartedMain] Tomcat initialized with port(s): 8080 (http)
2024-04-24 12:31:49,914 INFO org.apache.juli.logging.DirectJDKLog [restartedMain] Initializing ProtocolHandler ["http-nio-8080"]
2024-04-24 12:31:49,915 INFO org.apache.juli.logging.DirectJDKLog [restartedMain] Starting service [Tomcat]
2024-04-24 12:31:49,915 INFO org.apache.juli.logging.DirectJDKLog [restartedMain] Starting Servlet engine: [Apache Tomcat/9.0.65]
2024-04-24 12:31:50,089 INFO org.apache.juli.logging.DirectJDKLog [restartedMain] Initializing Spring embedded WebApplicationContext
2024-04-24 12:31:50,091 INFO org.springframework.boot.web.servlet.context.ServletWebServerApplicationContext [restartedMain] Root WebApplicationContext: initialization completed in 4485 ms
2024-04-24 12:31:50,470 INFO org.hibernate.jpa.internal.util.LogHelper [restartedMain] HHH000204: Processing PersistenceUnitInfo [name: default]
2024-04-24 12:31:50,562 INFO org.hibernate.Version [restartedMain] HHH000412: Hibernate ORM core version 5.6.10.Final
2024-04-24 12:31:50,932 INFO org.hibernate.annotations.common.reflection.java.JavaReflectionManager [restartedMain] HCANN000001: Hibernate Commons Annotations {5.1.2.Final}
2024-04-24 12:31:51,114 INFO com.zaxxer.hikari.HikariDataSource [restartedMain] HikariPool-1 - Starting...
2024-04-24 12:31:51,663 INFO com.zaxxer.hikari.HikariDataSource [restartedMain] HikariPool-1 - Start completed.
2024-04-24 12:31:51,692 INFO org.hibernate.dialect.Dialect [restartedMain] HHH000400: Using dialect: org.hibernate.dialect.MySQL8Dialect
2024-04-24 12:31:53,286 INFO org.hibernate.engine.transaction.jta.platform.internal.JtaPlatformInitiator [restartedMain] HHH000490: Using JtaPlatform implementation: [org.hibernate.engine.transaction.jta.platform.internal.NoJtaPlatform]
2024-04-24 12:31:53,301 INFO org.springframework.orm.jpa.AbstractEntityManagerFactoryBean [restartedMain] Initialized JPA EntityManagerFactory for persistence unit 'default'
2024-04-24 12:31:54,152 DEBUG org.springframework.web.filter.GenericFilterBean [restartedMain] Filter 'jwtAuthenticationFilter' configured for use
2024-04-24 12:31:55,177 DEBUG org.springframework.security.access.prepost.PrePostAnnotationSecurityMetadataSource [restartedMain] @org.springframework.security.access.prepost.PreAuthorize("hasRole(\'ADMIN\')") found on specific method: public org.springframework.http.ResponseEntity com.blog.controllers.UserController.deleteUser(java.lang.Integer)
2024-04-24 12:31:55,219 DEBUG org.springframework.security.access.method.DelegatingMethodSecurityMetadataSource [restartedMain] Caching method [CacheKey[com.blog.controllers.UserController; public org.springframework.http.ResponseEntity com.blog.controllers.UserController.deleteUser(java.lang.Integer)]] with attributes [[authorize: 'hasRole('ADMIN')', filter: 'null', filterTarget: 'null']]
2024-04-24 12:31:55,713 WARN org.springframework.boot.autoconfigure.orm.jpa.JpaBaseConfiguration$JpaWebConfiguration [restartedMain] spring.jpa.open-in-view is enabled by default. Therefore, database queries may be performed during view rendering. Explicitly configure spring.jpa.open-in-view to disable this warning
2024-04-24 12:31:56,070 INFO org.springframework.security.web.DefaultSecurityFilterChain [restartedMain] Will secure any request with [org.springframework.security.web.session.DisableEncodeUrlFilter@f51e715, org.springframework.security.web.context.request.async.WebAsyncManagerIntegrationFilter@23db7e81, org.springframework.security.web.context.SecurityContextPersistenceFilter@6a2f706b, org.springframework.security.web.header.HeaderWriterFilter@6772f1c7, org.springframework.security.web.authentication.logout.LogoutFilter@53066693, com.blog.security.JwtAuthenticationFilter@28da425f, org.springframework.security.web.savedrequest.RequestCacheAwareFilter@4d562f19, org.springframework.security.web.servletapi.SecurityContextHolderAwareRequestFilter@34282ab5, org.springframework.security.web.authentication.AnonymousAuthenticationFilter@603594a5, org.springframework.security.web.session.SessionManagementFilter@243cea7a, org.springframework.security.web.access.ExceptionTranslationFilter@1d04277f, org.springframework.security.web.access.intercept.AuthorizationFilter@9d4ae50]
2024-04-24 12:31:56,239 INFO org.springframework.boot.devtools.autoconfigure.OptionalLiveReloadServer [restartedMain] LiveReload server is running on port 35729
2024-04-24 12:31:56,757 INFO org.apache.juli.logging.DirectJDKLog [restartedMain] Starting ProtocolHandler ["http-nio-8080"]
2024-04-24 12:31:56,793 INFO org.springframework.boot.web.embedded.tomcat.TomcatWebServer [restartedMain] Tomcat started on port(s): 8080 (http) with context path ''
2024-04-24 12:31:57,445 INFO org.springframework.boot.StartupInfoLogger [restartedMain] Started BlogAppApisApplication in 12.986 seconds (JVM running for 13.861)
2024-04-24 12:32:03,190 INFO org.apache.juli.logging.DirectJDKLog [http-nio-8080-exec-1] Initializing Spring DispatcherServlet 'dispatcherServlet'
2024-04-24 12:32:03,191 INFO org.springframework.web.servlet.FrameworkServlet [http-nio-8080-exec-1] Initializing Servlet 'dispatcherServlet'
2024-04-24 12:32:03,193 INFO org.springframework.web.servlet.FrameworkServlet [http-nio-8080-exec-1] Completed initialization in 2 ms
2024-04-24 12:32:03,205 DEBUG org.springframework.security.web.FilterChainProxy [http-nio-8080-exec-1] Securing GET /swagger-ui/index.html
2024-04-24 12:32:03,210 DEBUG org.springframework.security.web.context.SecurityContextPersistenceFilter [http-nio-8080-exec-1] Set SecurityContextHolder to empty SecurityContext
2024-04-24 12:32:03,215 DEBUG org.springframework.security.web.authentication.AnonymousAuthenticationFilter [http-nio-8080-exec-1] Set SecurityContextHolder to anonymous SecurityContext
2024-04-24 12:32:03,220 DEBUG org.springframework.security.web.FilterChainProxy$VirtualFilterChain [http-nio-8080-exec-1] Secured GET /swagger-ui/index.html
2024-04-24 12:32:03,263 DEBUG org.springframework.security.web.context.SecurityContextPersistenceFilter [http-nio-8080-exec-1] Cleared SecurityContextHolder to complete request
2024-04-24 12:32:03,286 DEBUG org.springframework.security.web.FilterChainProxy [http-nio-8080-exec-3] Securing GET /swagger-ui/swagger-ui.css?v=3.0.0
2024-04-24 12:32:03,287 DEBUG org.springframework.security.web.FilterChainProxy [http-nio-8080-exec-4] Securing GET /swagger-ui/swagger-ui-bundle.js?v=3.0.0
2024-04-24 12:32:03,289 DEBUG org.springframework.security.web.context.SecurityContextPersistenceFilter [http-nio-8080-exec-3] Set SecurityContextHolder to empty SecurityContext
2024-04-24 12:32:03,289 DEBUG org.springframework.security.web.context.SecurityContextPersistenceFilter [http-nio-8080-exec-4] Set SecurityContextHolder to empty SecurityContext
2024-04-24 12:32:03,286 DEBUG org.springframework.security.web.FilterChainProxy [http-nio-8080-exec-2] Securing GET /swagger-ui/springfox.css?v=3.0.0
2024-04-24 12:32:03,293 DEBUG org.springframework.security.web.FilterChainProxy [http-nio-8080-exec-5] Securing GET /swagger-ui/swagger-ui-standalone-preset.js?v=3.0.0
2024-04-24 12:32:03,297 DEBUG org.springframework.security.web.authentication.AnonymousAuthenticationFilter [http-nio-8080-exec-3] Set SecurityContextHolder to anonymous SecurityContext
2024-04-24 12:32:03,297 DEBUG org.springframework.security.web.context.SecurityContextPersistenceFilter [http-nio-8080-exec-2] Set SecurityContextHolder to empty SecurityContext
2024-04-24 12:32:03,297 DEBUG org.springframework.security.web.authentication.AnonymousAuthenticationFilter [http-nio-8080-exec-4] Set SecurityContextHolder to anonymous SecurityContext
2024-04-24 12:32:03,297 DEBUG org.springframework.security.web.FilterChainProxy$VirtualFilterChain [http-nio-8080-exec-3] Secured GET /swagger-ui/swagger-ui.css?v=3.0.0
2024-04-24 12:32:03,297 DEBUG org.springframework.security.web.FilterChainProxy$VirtualFilterChain [http-nio-8080-exec-4] Secured GET /swagger-ui/swagger-ui-bundle.js?v=3.0.0
2024-04-24 12:32:03,305 DEBUG org.springframework.security.web.FilterChainProxy [http-nio-8080-exec-6] Securing GET /swagger-ui/springfox.js?v=3.0.0
2024-04-24 12:32:03,306 DEBUG org.springframework.security.web.context.SecurityContextPersistenceFilter [http-nio-8080-exec-5] Set SecurityContextHolder to empty SecurityContext
2024-04-24 12:32:03,305 DEBUG org.springframework.security.web.authentication.AnonymousAuthenticationFilter [http-nio-8080-exec-2] Set SecurityContextHolder to anonymous SecurityContext
2024-04-24 12:32:03,306 DEBUG org.springframework.security.web.context.SecurityContextPersistenceFilter [http-nio-8080-exec-6] Set SecurityContextHolder to empty SecurityContext
2024-04-24 12:32:03,307 DEBUG org.springframework.security.web.FilterChainProxy$VirtualFilterChain [http-nio-8080-exec-2] Secured GET /swagger-ui/springfox.css?v=3.0.0
2024-04-24 12:32:03,307 DEBUG org.springframework.security.web.authentication.AnonymousAuthenticationFilter [http-nio-8080-exec-5] Set SecurityContextHolder to anonymous SecurityContext
2024-04-24 12:32:03,308 DEBUG org.springframework.security.web.FilterChainProxy$VirtualFilterChain [http-nio-8080-exec-5] Secured GET /swagger-ui/swagger-ui-standalone-preset.js?v=3.0.0
2024-04-24 12:32:03,308 DEBUG org.springframework.security.web.authentication.AnonymousAuthenticationFilter [http-nio-8080-exec-6] Set SecurityContextHolder to anonymous SecurityContext
2024-04-24 12:32:03,313 DEBUG org.springframework.security.web.FilterChainProxy$VirtualFilterChain [http-nio-8080-exec-6] Secured GET /swagger-ui/springfox.js?v=3.0.0
2024-04-24 12:32:03,324 DEBUG org.springframework.security.web.context.SecurityContextPersistenceFilter [http-nio-8080-exec-2] Cleared SecurityContextHolder to complete request
2024-04-24 12:32:03,331 DEBUG org.springframework.security.web.context.SecurityContextPersistenceFilter [http-nio-8080-exec-3] Cleared SecurityContextHolder to complete request
2024-04-24 12:32:03,343 DEBUG org.springframework.security.web.context.SecurityContextPersistenceFilter [http-nio-8080-exec-6] Cleared SecurityContextHolder to complete request
2024-04-24 12:32:03,350 DEBUG org.springframework.security.web.context.SecurityContextPersistenceFilter [http-nio-8080-exec-5] Cleared SecurityContextHolder to complete request
2024-04-24 12:32:03,359 DEBUG org.springframework.security.web.context.SecurityContextPersistenceFilter [http-nio-8080-exec-4] Cleared SecurityContextHolder to complete request
2024-04-24 12:32:03,607 DEBUG org.springframework.security.web.FilterChainProxy [http-nio-8080-exec-8] Securing GET /swagger-ui/favicon-32x32.png?v=3.0.0
2024-04-24 12:32:03,607 DEBUG org.springframework.security.web.FilterChainProxy [http-nio-8080-exec-7] Securing GET /swagger-resources/configuration/ui
2024-04-24 12:32:03,609 DEBUG org.springframework.security.web.context.SecurityContextPersistenceFilter [http-nio-8080-exec-8] Set SecurityContextHolder to empty SecurityContext
2024-04-24 12:32:03,609 DEBUG org.springframework.security.web.context.SecurityContextPersistenceFilter [http-nio-8080-exec-7] Set SecurityContextHolder to empty SecurityContext
2024-04-24 12:32:03,610 DEBUG org.springframework.security.web.authentication.AnonymousAuthenticationFilter [http-nio-8080-exec-7] Set SecurityContextHolder to anonymous SecurityContext
2024-04-24 12:32:03,610 DEBUG org.springframework.security.web.authentication.AnonymousAuthenticationFilter [http-nio-8080-exec-8] Set SecurityContextHolder to anonymous SecurityContext
2024-04-24 12:32:03,611 DEBUG org.springframework.security.web.FilterChainProxy$VirtualFilterChain [http-nio-8080-exec-8] Secured GET /swagger-ui/favicon-32x32.png?v=3.0.0
2024-04-24 12:32:03,611 DEBUG org.springframework.security.web.FilterChainProxy$VirtualFilterChain [http-nio-8080-exec-7] Secured GET /swagger-resources/configuration/ui
2024-04-24 12:32:03,619 DEBUG org.springframework.security.web.context.SecurityContextPersistenceFilter [http-nio-8080-exec-8] Cleared SecurityContextHolder to complete request
2024-04-24 12:32:03,729 DEBUG org.springframework.security.web.context.SecurityContextPersistenceFilter [http-nio-8080-exec-7] Cleared SecurityContextHolder to complete request
2024-04-24 12:32:03,744 DEBUG org.springframework.security.web.FilterChainProxy [http-nio-8080-exec-9] Securing GET /swagger-resources/configuration/security
2024-04-24 12:32:03,745 DEBUG org.springframework.security.web.context.SecurityContextPersistenceFilter [http-nio-8080-exec-9] Set SecurityContextHolder to empty SecurityContext
2024-04-24 12:32:03,747 DEBUG org.springframework.security.web.authentication.AnonymousAuthenticationFilter [http-nio-8080-exec-9] Set SecurityContextHolder to anonymous SecurityContext
2024-04-24 12:32:03,747 DEBUG org.springframework.security.web.FilterChainProxy$VirtualFilterChain [http-nio-8080-exec-9] Secured GET /swagger-resources/configuration/security
2024-04-24 12:32:03,758 DEBUG org.springframework.security.web.context.SecurityContextPersistenceFilter [http-nio-8080-exec-9] Cleared SecurityContextHolder to complete request
2024-04-24 12:32:03,773 DEBUG org.springframework.security.web.FilterChainProxy [http-nio-8080-exec-10] Securing GET /swagger-resources
2024-04-24 12:32:03,774 DEBUG org.springframework.security.web.context.SecurityContextPersistenceFilter [http-nio-8080-exec-10] Set SecurityContextHolder to empty SecurityContext
2024-04-24 12:32:03,778 DEBUG org.springframework.security.web.authentication.AnonymousAuthenticationFilter [http-nio-8080-exec-10] Set SecurityContextHolder to anonymous SecurityContext
2024-04-24 12:32:03,780 DEBUG org.springframework.security.web.FilterChainProxy$VirtualFilterChain [http-nio-8080-exec-10] Secured GET /swagger-resources
2024-04-24 12:32:03,805 DEBUG org.springframework.security.web.context.SecurityContextPersistenceFilter [http-nio-8080-exec-10] Cleared SecurityContextHolder to complete request
2024-04-24 12:32:03,900 DEBUG org.springframework.security.web.FilterChainProxy [http-nio-8080-exec-1] Securing GET /v2/api-docs
2024-04-24 12:32:03,902 DEBUG org.springframework.security.web.context.SecurityContextPersistenceFilter [http-nio-8080-exec-1] Set SecurityContextHolder to empty SecurityContext
2024-04-24 12:32:03,904 DEBUG org.springframework.security.web.authentication.AnonymousAuthenticationFilter [http-nio-8080-exec-1] Set SecurityContextHolder to anonymous SecurityContext
2024-04-24 12:32:03,904 DEBUG org.springframework.security.web.FilterChainProxy$VirtualFilterChain [http-nio-8080-exec-1] Secured GET /v2/api-docs
2024-04-24 12:32:04,268 DEBUG org.springframework.security.web.context.SecurityContextPersistenceFilter [http-nio-8080-exec-1] Cleared SecurityContextHolder to complete request
2024-04-24 12:37:31,970 INFO org.springframework.orm.jpa.AbstractEntityManagerFactoryBean [SpringApplicationShutdownHook] Closing JPA EntityManagerFactory for persistence unit 'default'
2024-04-24 12:37:31,977 INFO com.zaxxer.hikari.HikariDataSource [SpringApplicationShutdownHook] HikariPool-1 - Shutdown initiated...
2024-04-24 12:37:31,993 INFO com.zaxxer.hikari.HikariDataSource [SpringApplicationShutdownHook] HikariPool-1 - Shutdown completed.
2024-04-24 12:37:42,494 INFO org.hibernate.validator.internal.util.Version [background-preinit] HV000001: Hibernate Validator 6.2.3.Final
2024-04-24 12:37:42,497 INFO org.springframework.boot.StartupInfoLogger [restartedMain] Starting BlogAppApisApplication using Java 17.0.7 on GEMGN-220270 with PID 18316 (C:\Users\kaushik.dwivedi\Documents\workspace-spring-tool-suite-4-4.22.0.RELEASE\Backend-Course-Blogging-Application-main\target\classes started by Kaushik.Dwivedi in C:\Users\kaushik.dwivedi\Documents\workspace-spring-tool-suite-4-4.22.0.RELEASE\Backend-Course-Blogging-Application-main)
2024-04-24 12:37:42,498 DEBUG org.springframework.boot.StartupInfoLogger [restartedMain] Running with Spring Boot v2.7.2, Spring v5.3.22
2024-04-24 12:37:42,499 INFO org.springframework.boot.SpringApplication [restartedMain] No active profile set, falling back to 1 default profile: "default"
2024-04-24 12:37:42,622 INFO org.springframework.boot.logging.DeferredLog [restartedMain] Devtools property defaults active! Set 'spring.devtools.add-properties' to 'false' to disable
2024-04-24 12:37:42,623 INFO org.springframework.boot.logging.DeferredLog [restartedMain] For additional web related logging consider setting the 'logging.level.web' property to 'DEBUG'
2024-04-24 12:37:44,058 INFO org.springframework.data.repository.config.RepositoryConfigurationDelegate [restartedMain] Bootstrapping Spring Data JPA repositories in DEFAULT mode.
2024-04-24 12:37:44,266 INFO org.springframework.data.repository.config.RepositoryConfigurationDelegate [restartedMain] Finished Spring Data repository scanning in 170 ms. Found 5 JPA repository interfaces.
2024-04-24 12:37:45,955 INFO org.springframework.boot.web.embedded.tomcat.TomcatWebServer [restartedMain] Tomcat initialized with port(s): 8080 (http)
2024-04-24 12:37:45,972 INFO org.apache.juli.logging.DirectJDKLog [restartedMain] Initializing ProtocolHandler ["http-nio-8080"]
2024-04-24 12:37:45,973 INFO org.apache.juli.logging.DirectJDKLog [restartedMain] Starting service [Tomcat]
2024-04-24 12:37:45,974 INFO org.apache.juli.logging.DirectJDKLog [restartedMain] Starting Servlet engine: [Apache Tomcat/9.0.65]
2024-04-24 12:37:46,107 INFO org.apache.juli.logging.DirectJDKLog [restartedMain] Initializing Spring embedded WebApplicationContext
2024-04-24 12:37:46,107 INFO org.springframework.boot.web.servlet.context.ServletWebServerApplicationContext [restartedMain] Root WebApplicationContext: initialization completed in 3482 ms
2024-04-24 12:37:46,389 INFO org.hibernate.jpa.internal.util.LogHelper [restartedMain] HHH000204: Processing PersistenceUnitInfo [name: default]
2024-04-24 12:37:46,476 INFO org.hibernate.Version [restartedMain] HHH000412: Hibernate ORM core version 5.6.10.Final
2024-04-24 12:37:46,736 INFO org.hibernate.annotations.common.reflection.java.JavaReflectionManager [restartedMain] HCANN000001: Hibernate Commons Annotations {5.1.2.Final}
2024-04-24 12:37:46,852 INFO com.zaxxer.hikari.HikariDataSource [restartedMain] HikariPool-1 - Starting...
2024-04-24 12:37:47,235 INFO com.zaxxer.hikari.HikariDataSource [restartedMain] HikariPool-1 - Start completed.
2024-04-24 12:37:47,253 INFO org.hibernate.dialect.Dialect [restartedMain] HHH000400: Using dialect: org.hibernate.dialect.MySQL8Dialect
2024-04-24 12:37:48,283 INFO org.hibernate.engine.transaction.jta.platform.internal.JtaPlatformInitiator [restartedMain] HHH000490: Using JtaPlatform implementation: [org.hibernate.engine.transaction.jta.platform.internal.NoJtaPlatform]
2024-04-24 12:37:48,296 INFO org.springframework.orm.jpa.AbstractEntityManagerFactoryBean [restartedMain] Initialized JPA EntityManagerFactory for persistence unit 'default'
2024-04-24 12:37:48,833 DEBUG org.springframework.web.filter.GenericFilterBean [restartedMain] Filter 'jwtAuthenticationFilter' configured for use
2024-04-24 12:37:49,261 DEBUG org.springframework.security.access.prepost.PrePostAnnotationSecurityMetadataSource [restartedMain] @org.springframework.security.access.prepost.PreAuthorize("hasRole(\'ADMIN\')") found on specific method: public org.springframework.http.ResponseEntity com.blog.controllers.UserController.deleteUser(java.lang.Integer)
2024-04-24 12:37:49,283 DEBUG org.springframework.security.access.method.DelegatingMethodSecurityMetadataSource [restartedMain] Caching method [CacheKey[com.blog.controllers.UserController; public org.springframework.http.ResponseEntity com.blog.controllers.UserController.deleteUser(java.lang.Integer)]] with attributes [[authorize: 'hasRole('ADMIN')', filter: 'null', filterTarget: 'null']]
2024-04-24 12:37:49,642 WARN org.springframework.boot.autoconfigure.orm.jpa.JpaBaseConfiguration$JpaWebConfiguration [restartedMain] spring.jpa.open-in-view is enabled by default. Therefore, database queries may be performed during view rendering. Explicitly configure spring.jpa.open-in-view to disable this warning
2024-04-24 12:37:49,914 INFO org.springframework.security.web.DefaultSecurityFilterChain [restartedMain] Will secure any request with [org.springframework.security.web.session.DisableEncodeUrlFilter@17d314bc, org.springframework.security.web.context.request.async.WebAsyncManagerIntegrationFilter@190898ae, org.springframework.security.web.context.SecurityContextPersistenceFilter@1e864243, org.springframework.security.web.header.HeaderWriterFilter@54861474, org.springframework.security.web.authentication.logout.LogoutFilter@3328c6d3, com.blog.security.JwtAuthenticationFilter@5a115c03, org.springframework.security.web.savedrequest.RequestCacheAwareFilter@3b8bc783, org.springframework.security.web.servletapi.SecurityContextHolderAwareRequestFilter@1d60ce8a, org.springframework.security.web.authentication.AnonymousAuthenticationFilter@50f6802d, org.springframework.security.web.session.SessionManagementFilter@e2a939a, org.springframework.security.web.access.ExceptionTranslationFilter@60845c26, org.springframework.security.web.access.intercept.AuthorizationFilter@6c4c4333]
2024-04-24 12:37:50,050 INFO org.springframework.boot.devtools.autoconfigure.OptionalLiveReloadServer [restartedMain] LiveReload server is running on port 35729
2024-04-24 12:37:50,393 INFO org.apache.juli.logging.DirectJDKLog [restartedMain] Starting ProtocolHandler ["http-nio-8080"]
2024-04-24 12:37:50,421 INFO org.springframework.boot.web.embedded.tomcat.TomcatWebServer [restartedMain] Tomcat started on port(s): 8080 (http) with context path ''
2024-04-24 12:37:50,920 INFO org.springframework.boot.StartupInfoLogger [restartedMain] Started BlogAppApisApplication in 9.009 seconds (JVM running for 9.851)
2024-04-24 12:39:40,235 INFO org.springframework.orm.jpa.AbstractEntityManagerFactoryBean [SpringApplicationShutdownHook] Closing JPA EntityManagerFactory for persistence unit 'default'
2024-04-24 12:39:40,240 INFO com.zaxxer.hikari.HikariDataSource [SpringApplicationShutdownHook] HikariPool-1 - Shutdown initiated...
2024-04-24 12:39:40,248 INFO com.zaxxer.hikari.HikariDataSource [SpringApplicationShutdownHook] HikariPool-1 - Shutdown completed.
2024-04-24 12:39:47,568 INFO org.hibernate.validator.internal.util.Version [background-preinit] HV000001: Hibernate Validator 6.2.3.Final
2024-04-24 12:39:47,576 INFO org.springframework.boot.StartupInfoLogger [restartedMain] Starting BlogAppApisApplication using Java 17.0.7 on GEMGN-220270 with PID 13296 (C:\Users\kaushik.dwivedi\Documents\workspace-spring-tool-suite-4-4.22.0.RELEASE\Backend-Course-Blogging-Application-main\target\classes started by Kaushik.Dwivedi in C:\Users\kaushik.dwivedi\Documents\workspace-spring-tool-suite-4-4.22.0.RELEASE\Backend-Course-Blogging-Application-main)
2024-04-24 12:39:47,577 DEBUG org.springframework.boot.StartupInfoLogger [restartedMain] Running with Spring Boot v2.7.2, Spring v5.3.22
2024-04-24 12:39:47,580 INFO org.springframework.boot.SpringApplication [restartedMain] No active profile set, falling back to 1 default profile: "default"
2024-04-24 12:39:47,723 INFO org.springframework.boot.logging.DeferredLog [restartedMain] Devtools property defaults active! Set 'spring.devtools.add-properties' to 'false' to disable
2024-04-24 12:39:47,724 INFO org.springframework.boot.logging.DeferredLog [restartedMain] For additional web related logging consider setting the 'logging.level.web' property to 'DEBUG'
2024-04-24 12:39:49,202 INFO org.springframework.data.repository.config.RepositoryConfigurationDelegate [restartedMain] Bootstrapping Spring Data JPA repositories in DEFAULT mode.
2024-04-24 12:39:49,458 INFO org.springframework.data.repository.config.RepositoryConfigurationDelegate [restartedMain] Finished Spring Data repository scanning in 231 ms. Found 5 JPA repository interfaces.
2024-04-24 12:39:51,208 INFO org.springframework.boot.web.embedded.tomcat.TomcatWebServer [restartedMain] Tomcat initialized with port(s): 8080 (http)
2024-04-24 12:39:51,234 INFO org.apache.juli.logging.DirectJDKLog [restartedMain] Initializing ProtocolHandler ["http-nio-8080"]
2024-04-24 12:39:51,235 INFO org.apache.juli.logging.DirectJDKLog [restartedMain] Starting service [Tomcat]
2024-04-24 12:39:51,235 INFO org.apache.juli.logging.DirectJDKLog [restartedMain] Starting Servlet engine: [Apache Tomcat/9.0.65]
2024-04-24 12:39:51,377 INFO org.apache.juli.logging.DirectJDKLog [restartedMain] Initializing Spring embedded WebApplicationContext
2024-04-24 12:39:51,378 INFO org.springframework.boot.web.servlet.context.ServletWebServerApplicationContext [restartedMain] Root WebApplicationContext: initialization completed in 3652 ms
2024-04-24 12:39:51,637 INFO org.hibernate.jpa.internal.util.LogHelper [restartedMain] HHH000204: Processing PersistenceUnitInfo [name: default]
2024-04-24 12:39:51,726 INFO org.hibernate.Version [restartedMain] HHH000412: Hibernate ORM core version 5.6.10.Final
2024-04-24 12:39:51,945 INFO org.hibernate.annotations.common.reflection.java.JavaReflectionManager [restartedMain] HCANN000001: Hibernate Commons Annotations {5.1.2.Final}
2024-04-24 12:39:52,083 INFO com.zaxxer.hikari.HikariDataSource [restartedMain] HikariPool-1 - Starting...
2024-04-24 12:39:52,492 INFO com.zaxxer.hikari.HikariDataSource [restartedMain] HikariPool-1 - Start completed.
2024-04-24 12:39:52,519 INFO org.hibernate.dialect.Dialect [restartedMain] HHH000400: Using dialect: org.hibernate.dialect.MySQL8Dialect
2024-04-24 12:39:53,424 INFO org.hibernate.engine.transaction.jta.platform.internal.JtaPlatformInitiator [restartedMain] HHH000490: Using JtaPlatform implementation: [org.hibernate.engine.transaction.jta.platform.internal.NoJtaPlatform]
2024-04-24 12:39:53,433 INFO org.springframework.orm.jpa.AbstractEntityManagerFactoryBean [restartedMain] Initialized JPA EntityManagerFactory for persistence unit 'default'
2024-04-24 12:39:53,864 DEBUG org.springframework.web.filter.GenericFilterBean [restartedMain] Filter 'jwtAuthenticationFilter' configured for use
2024-04-24 12:39:54,340 DEBUG org.springframework.security.access.prepost.PrePostAnnotationSecurityMetadataSource [restartedMain] @org.springframework.security.access.prepost.PreAuthorize("hasRole(\'ADMIN\')") found on specific method: public org.springframework.http.ResponseEntity com.blog.controllers.UserController.deleteUser(java.lang.Integer)
2024-04-24 12:39:54,368 DEBUG org.springframework.security.access.method.DelegatingMethodSecurityMetadataSource [restartedMain] Caching method [CacheKey[com.blog.controllers.UserController; public org.springframework.http.ResponseEntity com.blog.controllers.UserController.deleteUser(java.lang.Integer)]] with attributes [[authorize: 'hasRole('ADMIN')', filter: 'null', filterTarget: 'null']]
2024-04-24 12:39:54,758 WARN org.springframework.boot.autoconfigure.orm.jpa.JpaBaseConfiguration$JpaWebConfiguration [restartedMain] spring.jpa.open-in-view is enabled by default. Therefore, database queries may be performed during view rendering. Explicitly configure spring.jpa.open-in-view to disable this warning
2024-04-24 12:39:55,074 INFO org.springframework.security.web.DefaultSecurityFilterChain [restartedMain] Will secure any request with [org.springframework.security.web.session.DisableEncodeUrlFilter@475c1f6b, org.springframework.security.web.context.request.async.WebAsyncManagerIntegrationFilter@6419d749, org.springframework.security.web.context.SecurityContextPersistenceFilter@566c35f4, org.springframework.security.web.header.HeaderWriterFilter@7eec470b, org.springframework.security.web.authentication.logout.LogoutFilter@5502b7a6, com.blog.security.JwtAuthenticationFilter@3ad1c3c0, org.springframework.security.web.savedrequest.RequestCacheAwareFilter@1d666052, org.springframework.security.web.servletapi.SecurityContextHolderAwareRequestFilter@7a32007d, org.springframework.security.web.authentication.AnonymousAuthenticationFilter@5d4300c1, org.springframework.security.web.session.SessionManagementFilter@33ac1ed, org.springframework.security.web.access.ExceptionTranslationFilter@1662bcb8, org.springframework.security.web.access.intercept.AuthorizationFilter@d95de6f]
2024-04-24 12:39:55,223 INFO org.springframework.boot.devtools.autoconfigure.OptionalLiveReloadServer [restartedMain] LiveReload server is running on port 35729
2024-04-24 12:39:55,581 INFO org.apache.juli.logging.DirectJDKLog [restartedMain] Starting ProtocolHandler ["http-nio-8080"]
2024-04-24 12:39:55,617 INFO org.springframework.boot.web.embedded.tomcat.TomcatWebServer [restartedMain] Tomcat started on port(s): 8080 (http) with context path ''
2024-04-24 12:39:56,173 INFO org.springframework.boot.StartupInfoLogger [restartedMain] Started BlogAppApisApplication in 9.366 seconds (JVM running for 10.445)
2024-04-24 12:40:57,037 INFO org.springframework.orm.jpa.AbstractEntityManagerFactoryBean [SpringApplicationShutdownHook] Closing JPA EntityManagerFactory for persistence unit 'default'
2024-04-24 12:40:57,042 INFO com.zaxxer.hikari.HikariDataSource [SpringApplicationShutdownHook] HikariPool-1 - Shutdown initiated...
2024-04-24 12:40:57,059 INFO com.zaxxer.hikari.HikariDataSource [SpringApplicationShutdownHook] HikariPool-1 - Shutdown completed.
2024-04-24 12:41:02,248 INFO org.hibernate.validator.internal.util.Version [background-preinit] HV000001: Hibernate Validator 6.2.3.Final
2024-04-24 12:41:02,251 INFO org.springframework.boot.StartupInfoLogger [restartedMain] Starting BlogAppApisApplication using Java 17.0.7 on GEMGN-220270 with PID 9296 (C:\Users\kaushik.dwivedi\Documents\workspace-spring-tool-suite-4-4.22.0.RELEASE\Backend-Course-Blogging-Application-main\target\classes started by Kaushik.Dwivedi in C:\Users\kaushik.dwivedi\Documents\workspace-spring-tool-suite-4-4.22.0.RELEASE\Backend-Course-Blogging-Application-main)
2024-04-24 12:41:02,252 DEBUG org.springframework.boot.StartupInfoLogger [restartedMain] Running with Spring Boot v2.7.2, Spring v5.3.22
2024-04-24 12:41:02,253 INFO org.springframework.boot.SpringApplication [restartedMain] No active profile set, falling back to 1 default profile: "default"
2024-04-24 12:41:02,432 INFO org.springframework.boot.logging.DeferredLog [restartedMain] Devtools property defaults active! Set 'spring.devtools.add-properties' to 'false' to disable
2024-04-24 12:41:02,434 INFO org.springframework.boot.logging.DeferredLog [restartedMain] For additional web related logging consider setting the 'logging.level.web' property to 'DEBUG'
2024-04-24 12:41:03,840 INFO org.springframework.data.repository.config.RepositoryConfigurationDelegate [restartedMain] Bootstrapping Spring Data JPA repositories in DEFAULT mode.
2024-04-24 12:41:03,930 INFO org.springframework.data.repository.config.RepositoryConfigurationDelegate [restartedMain] Finished Spring Data repository scanning in 80 ms. Found 5 JPA repository interfaces.
2024-04-24 12:41:05,238 INFO org.springframework.boot.web.embedded.tomcat.TomcatWebServer [restartedMain] Tomcat initialized with port(s): 8080 (http)
2024-04-24 12:41:05,254 INFO org.apache.juli.logging.DirectJDKLog [restartedMain] Initializing ProtocolHandler ["http-nio-8080"]
2024-04-24 12:41:05,255 INFO org.apache.juli.logging.DirectJDKLog [restartedMain] Starting service [Tomcat]
2024-04-24 12:41:05,256 INFO org.apache.juli.logging.DirectJDKLog [restartedMain] Starting Servlet engine: [Apache Tomcat/9.0.65]
2024-04-24 12:41:05,394 INFO org.apache.juli.logging.DirectJDKLog [restartedMain] Initializing Spring embedded WebApplicationContext
2024-04-24 12:41:05,394 INFO org.springframework.boot.web.servlet.context.ServletWebServerApplicationContext [restartedMain] Root WebApplicationContext: initialization completed in 2958 ms
2024-04-24 12:41:05,671 INFO org.hibernate.jpa.internal.util.LogHelper [restartedMain] HHH000204: Processing PersistenceUnitInfo [name: default]
2024-04-24 12:41:05,757 INFO org.hibernate.Version [restartedMain] HHH000412: Hibernate ORM core version 5.6.10.Final
2024-04-24 12:41:06,033 INFO org.hibernate.annotations.common.reflection.java.JavaReflectionManager [restartedMain] HCANN000001: Hibernate Commons Annotations {5.1.2.Final}
2024-04-24 12:41:06,170 INFO com.zaxxer.hikari.HikariDataSource [restartedMain] HikariPool-1 - Starting...
2024-04-24 12:41:06,720 INFO com.zaxxer.hikari.HikariDataSource [restartedMain] HikariPool-1 - Start completed.
2024-04-24 12:41:06,764 INFO org.hibernate.dialect.Dialect [restartedMain] HHH000400: Using dialect: org.hibernate.dialect.MySQL8Dialect
2024-04-24 12:41:08,475 INFO org.hibernate.engine.transaction.jta.platform.internal.JtaPlatformInitiator [restartedMain] HHH000490: Using JtaPlatform implementation: [org.hibernate.engine.transaction.jta.platform.internal.NoJtaPlatform]
2024-04-24 12:41:08,485 INFO org.springframework.orm.jpa.AbstractEntityManagerFactoryBean [restartedMain] Initialized JPA EntityManagerFactory for persistence unit 'default'
2024-04-24 12:41:08,958 DEBUG org.springframework.web.filter.GenericFilterBean [restartedMain] Filter 'jwtAuthenticationFilter' configured for use
2024-04-24 12:41:09,481 DEBUG org.springframework.security.access.prepost.PrePostAnnotationSecurityMetadataSource [restartedMain] @org.springframework.security.access.prepost.PreAuthorize("hasRole(\'ADMIN\')") found on specific method: public org.springframework.http.ResponseEntity com.blog.controllers.UserController.deleteUser(java.lang.Integer)
2024-04-24 12:41:09,510 DEBUG org.springframework.security.access.method.DelegatingMethodSecurityMetadataSource [restartedMain] Caching method [CacheKey[com.blog.controllers.UserController; public org.springframework.http.ResponseEntity com.blog.controllers.UserController.deleteUser(java.lang.Integer)]] with attributes [[authorize: 'hasRole('ADMIN')', filter: 'null', filterTarget: 'null']]
2024-04-24 12:41:09,993 WARN org.springframework.boot.autoconfigure.orm.jpa.JpaBaseConfiguration$JpaWebConfiguration [restartedMain] spring.jpa.open-in-view is enabled by default. Therefore, database queries may be performed during view rendering. Explicitly configure spring.jpa.open-in-view to disable this warning
2024-04-24 12:41:10,375 INFO org.springframework.security.web.DefaultSecurityFilterChain [restartedMain] Will secure any request with [org.springframework.security.web.session.DisableEncodeUrlFilter@51d2e4e0, org.springframework.security.web.context.request.async.WebAsyncManagerIntegrationFilter@63c63966, org.springframework.security.web.context.SecurityContextPersistenceFilter@45f4b090, org.springframework.security.web.header.HeaderWriterFilter@274dce61, org.springframework.security.web.authentication.logout.LogoutFilter@21a0c0ce, com.blog.security.JwtAuthenticationFilter@30fa3182, org.springframework.security.web.savedrequest.RequestCacheAwareFilter@22eb1602, org.springframework.security.web.servletapi.SecurityContextHolderAwareRequestFilter@7116f821, org.springframework.security.web.authentication.AnonymousAuthenticationFilter@25d59ef8, org.springframework.security.web.session.SessionManagementFilter@7dc05696, org.springframework.security.web.access.ExceptionTranslationFilter@46f3e32a, org.springframework.security.web.access.intercept.AuthorizationFilter@56ec994d]
2024-04-24 12:41:10,513 INFO org.springframework.boot.devtools.autoconfigure.OptionalLiveReloadServer [restartedMain] LiveReload server is running on port 35729
2024-04-24 12:41:10,872 INFO org.apache.juli.logging.DirectJDKLog [restartedMain] Starting ProtocolHandler ["http-nio-8080"]
2024-04-24 12:41:10,907 INFO org.springframework.boot.web.embedded.tomcat.TomcatWebServer [restartedMain] Tomcat started on port(s): 8080 (http) with context path ''
2024-04-24 12:41:11,486 INFO org.springframework.boot.StartupInfoLogger [restartedMain] Started BlogAppApisApplication in 9.942 seconds (JVM running for 10.867)
2024-04-24 12:41:54,810 INFO org.apache.juli.logging.DirectJDKLog [http-nio-8080-exec-1] Initializing Spring DispatcherServlet 'dispatcherServlet'
2024-04-24 12:41:54,811 INFO org.springframework.web.servlet.FrameworkServlet [http-nio-8080-exec-1] Initializing Servlet 'dispatcherServlet'
2024-04-24 12:41:54,812 INFO org.springframework.web.servlet.FrameworkServlet [http-nio-8080-exec-1] Completed initialization in 1 ms
2024-04-24 12:41:54,829 DEBUG org.springframework.security.web.FilterChainProxy [http-nio-8080-exec-1] Securing GET /swagger-ui/index.html
2024-04-24 12:41:54,832 DEBUG org.springframework.security.web.context.SecurityContextPersistenceFilter [http-nio-8080-exec-1] Set SecurityContextHolder to empty SecurityContext
2024-04-24 12:41:54,841 DEBUG org.springframework.security.web.authentication.AnonymousAuthenticationFilter [http-nio-8080-exec-1] Set SecurityContextHolder to anonymous SecurityContext
2024-04-24 12:41:54,843 DEBUG org.springframework.security.web.FilterChainProxy$VirtualFilterChain [http-nio-8080-exec-1] Secured GET /swagger-ui/index.html
2024-04-24 12:41:54,875 DEBUG org.springframework.security.web.context.SecurityContextPersistenceFilter [http-nio-8080-exec-1] Cleared SecurityContextHolder to complete request
2024-04-24 12:41:54,894 DEBUG org.springframework.security.web.FilterChainProxy [http-nio-8080-exec-2] Securing GET /swagger-ui/springfox.css?v=3.0.0
2024-04-24 12:41:54,895 DEBUG org.springframework.security.web.context.SecurityContextPersistenceFilter [http-nio-8080-exec-2] Set SecurityContextHolder to empty SecurityContext
2024-04-24 12:41:54,896 DEBUG org.springframework.security.web.authentication.AnonymousAuthenticationFilter [http-nio-8080-exec-2] Set SecurityContextHolder to anonymous SecurityContext
2024-04-24 12:41:54,897 DEBUG org.springframework.security.web.FilterChainProxy$VirtualFilterChain [http-nio-8080-exec-2] Secured GET /swagger-ui/springfox.css?v=3.0.0
2024-04-24 12:41:54,903 DEBUG org.springframework.security.web.FilterChainProxy [http-nio-8080-exec-4] Securing GET /swagger-ui/swagger-ui-bundle.js?v=3.0.0
2024-04-24 12:41:54,903 DEBUG org.springframework.security.web.context.SecurityContextPersistenceFilter [http-nio-8080-exec-4] Set SecurityContextHolder to empty SecurityContext
2024-04-24 12:41:54,902 DEBUG org.springframework.security.web.FilterChainProxy [http-nio-8080-exec-6] Securing GET /swagger-ui/springfox.js?v=3.0.0
2024-04-24 12:41:54,905 DEBUG org.springframework.security.web.FilterChainProxy [http-nio-8080-exec-3] Securing GET /swagger-ui/swagger-ui.css?v=3.0.0
2024-04-24 12:41:54,905 DEBUG org.springframework.security.web.authentication.AnonymousAuthenticationFilter [http-nio-8080-exec-4] Set SecurityContextHolder to anonymous SecurityContext
2024-04-24 12:41:54,906 DEBUG org.springframework.security.web.context.SecurityContextPersistenceFilter [http-nio-8080-exec-6] Set SecurityContextHolder to empty SecurityContext
2024-04-24 12:41:54,905 DEBUG org.springframework.security.web.FilterChainProxy [http-nio-8080-exec-5] Securing GET /swagger-ui/swagger-ui-standalone-preset.js?v=3.0.0
2024-04-24 12:41:54,906 DEBUG org.springframework.security.web.context.SecurityContextPersistenceFilter [http-nio-8080-exec-5] Set SecurityContextHolder to empty SecurityContext
2024-04-24 12:41:54,906 DEBUG org.springframework.security.web.FilterChainProxy$VirtualFilterChain [http-nio-8080-exec-4] Secured GET /swagger-ui/swagger-ui-bundle.js?v=3.0.0
2024-04-24 12:41:54,907 DEBUG org.springframework.security.web.context.SecurityContextPersistenceFilter [http-nio-8080-exec-2] Cleared SecurityContextHolder to complete request
2024-04-24 12:41:54,907 DEBUG org.springframework.security.web.authentication.AnonymousAuthenticationFilter [http-nio-8080-exec-5] Set SecurityContextHolder to anonymous SecurityContext
2024-04-24 12:41:54,907 DEBUG org.springframework.security.web.context.SecurityContextPersistenceFilter [http-nio-8080-exec-3] Set SecurityContextHolder to empty SecurityContext
2024-04-24 12:41:54,908 DEBUG org.springframework.security.web.FilterChainProxy$VirtualFilterChain [http-nio-8080-exec-5] Secured GET /swagger-ui/swagger-ui-standalone-preset.js?v=3.0.0
2024-04-24 12:41:54,910 DEBUG org.springframework.security.web.authentication.AnonymousAuthenticationFilter [http-nio-8080-exec-6] Set SecurityContextHolder to anonymous SecurityContext
2024-04-24 12:41:54,910 DEBUG org.springframework.security.web.FilterChainProxy$VirtualFilterChain [http-nio-8080-exec-6] Secured GET /swagger-ui/springfox.js?v=3.0.0
2024-04-24 12:41:54,911 DEBUG org.springframework.security.web.authentication.AnonymousAuthenticationFilter [http-nio-8080-exec-3] Set SecurityContextHolder to anonymous SecurityContext
2024-04-24 12:41:54,911 DEBUG org.springframework.security.web.FilterChainProxy$VirtualFilterChain [http-nio-8080-exec-3] Secured GET /swagger-ui/swagger-ui.css?v=3.0.0
2024-04-24 12:41:54,918 DEBUG org.springframework.security.web.context.SecurityContextPersistenceFilter [http-nio-8080-exec-3] Cleared SecurityContextHolder to complete request
2024-04-24 12:41:54,918 DEBUG org.springframework.security.web.context.SecurityContextPersistenceFilter [http-nio-8080-exec-6] Cleared SecurityContextHolder to complete request
2024-04-24 12:41:54,932 DEBUG org.springframework.security.web.context.SecurityContextPersistenceFilter [http-nio-8080-exec-5] Cleared SecurityContextHolder to complete request
2024-04-24 12:41:54,937 DEBUG org.springframework.security.web.context.SecurityContextPersistenceFilter [http-nio-8080-exec-4] Cleared SecurityContextHolder to complete request
2024-04-24 12:41:55,096 DEBUG org.springframework.security.web.FilterChainProxy [http-nio-8080-exec-7] Securing GET /swagger-resources/configuration/ui
2024-04-24 12:41:55,096 DEBUG org.springframework.security.web.context.SecurityContextPersistenceFilter [http-nio-8080-exec-7] Set SecurityContextHolder to empty SecurityContext
2024-04-24 12:41:55,097 DEBUG org.springframework.security.web.authentication.AnonymousAuthenticationFilter [http-nio-8080-exec-7] Set SecurityContextHolder to anonymous SecurityContext
2024-04-24 12:41:55,097 DEBUG org.springframework.security.web.FilterChainProxy$VirtualFilterChain [http-nio-8080-exec-7] Secured GET /swagger-resources/configuration/ui
2024-04-24 12:41:55,175 DEBUG org.springframework.security.web.context.SecurityContextPersistenceFilter [http-nio-8080-exec-7] Cleared SecurityContextHolder to complete request
2024-04-24 12:41:55,178 DEBUG org.springframework.security.web.FilterChainProxy [http-nio-8080-exec-8] Securing GET /swagger-resources/configuration/security
2024-04-24 12:41:55,178 DEBUG org.springframework.security.web.context.SecurityContextPersistenceFilter [http-nio-8080-exec-8] Set SecurityContextHolder to empty SecurityContext
2024-04-24 12:41:55,179 DEBUG org.springframework.security.web.authentication.AnonymousAuthenticationFilter [http-nio-8080-exec-8] Set SecurityContextHolder to anonymous SecurityContext
2024-04-24 12:41:55,180 DEBUG org.springframework.security.web.FilterChainProxy$VirtualFilterChain [http-nio-8080-exec-8] Secured GET /swagger-resources/configuration/security
2024-04-24 12:41:55,183 DEBUG org.springframework.security.web.context.SecurityContextPersistenceFilter [http-nio-8080-exec-8] Cleared SecurityContextHolder to complete request
2024-04-24 12:41:55,187 DEBUG org.springframework.security.web.FilterChainProxy [http-nio-8080-exec-9] Securing GET /swagger-resources
2024-04-24 12:41:55,188 DEBUG org.springframework.security.web.context.SecurityContextPersistenceFilter [http-nio-8080-exec-9] Set SecurityContextHolder to empty SecurityContext
2024-04-24 12:41:55,190 DEBUG org.springframework.security.web.authentication.AnonymousAuthenticationFilter [http-nio-8080-exec-9] Set SecurityContextHolder to anonymous SecurityContext
2024-04-24 12:41:55,191 DEBUG org.springframework.security.web.FilterChainProxy$VirtualFilterChain [http-nio-8080-exec-9] Secured GET /swagger-resources
2024-04-24 12:41:55,196 DEBUG org.springframework.security.web.context.SecurityContextPersistenceFilter [http-nio-8080-exec-9] Cleared SecurityContextHolder to complete request
2024-04-24 12:41:55,236 DEBUG org.springframework.security.web.FilterChainProxy [http-nio-8080-exec-10] Securing GET /v2/api-docs
2024-04-24 12:41:55,237 DEBUG org.springframework.security.web.context.SecurityContextPersistenceFilter [http-nio-8080-exec-10] Set SecurityContextHolder to empty SecurityContext
2024-04-24 12:41:55,237 DEBUG org.springframework.security.web.authentication.AnonymousAuthenticationFilter [http-nio-8080-exec-10] Set SecurityContextHolder to anonymous SecurityContext
2024-04-24 12:41:55,238 DEBUG org.springframework.security.web.FilterChainProxy$VirtualFilterChain [http-nio-8080-exec-10] Secured GET /v2/api-docs
2024-04-24 12:41:55,555 DEBUG org.springframework.security.web.context.SecurityContextPersistenceFilter [http-nio-8080-exec-10] Cleared SecurityContextHolder to complete request
2024-04-24 12:42:25,335 DEBUG org.springframework.security.web.FilterChainProxy [http-nio-8080-exec-1] Securing GET /swagger-ui/index.html
2024-04-24 12:42:25,336 DEBUG org.springframework.security.web.context.SecurityContextPersistenceFilter [http-nio-8080-exec-1] Set SecurityContextHolder to empty SecurityContext
2024-04-24 12:42:25,336 DEBUG org.springframework.security.web.authentication.AnonymousAuthenticationFilter [http-nio-8080-exec-1] Set SecurityContextHolder to anonymous SecurityContext
2024-04-24 12:42:25,336 DEBUG org.springframework.security.web.FilterChainProxy$VirtualFilterChain [http-nio-8080-exec-1] Secured GET /swagger-ui/index.html
2024-04-24 12:42:25,339 DEBUG org.springframework.security.web.context.SecurityContextPersistenceFilter [http-nio-8080-exec-1] Cleared SecurityContextHolder to complete request
2024-04-24 12:42:25,351 DEBUG org.springframework.security.web.FilterChainProxy [http-nio-8080-exec-2] Securing GET /swagger-ui/springfox.css?v=3.0.0
2024-04-24 12:42:25,352 DEBUG org.springframework.security.web.FilterChainProxy [http-nio-8080-exec-3] Securing GET /swagger-ui/swagger-ui.css?v=3.0.0
2024-04-24 12:42:25,352 DEBUG org.springframework.security.web.FilterChainProxy [http-nio-8080-exec-6] Securing GET /swagger-ui/swagger-ui-bundle.js?v=3.0.0
2024-04-24 12:42:25,353 DEBUG org.springframework.security.web.context.SecurityContextPersistenceFilter [http-nio-8080-exec-3] Set SecurityContextHolder to empty SecurityContext
2024-04-24 12:42:25,353 DEBUG org.springframework.security.web.context.SecurityContextPersistenceFilter [http-nio-8080-exec-6] Set SecurityContextHolder to empty SecurityContext
2024-04-24 12:42:25,353 DEBUG org.springframework.security.web.context.SecurityContextPersistenceFilter [http-nio-8080-exec-2] Set SecurityContextHolder to empty SecurityContext
2024-04-24 12:42:25,353 DEBUG org.springframework.security.web.FilterChainProxy [http-nio-8080-exec-5] Securing GET /swagger-ui/swagger-ui-standalone-preset.js?v=3.0.0
2024-04-24 12:42:25,354 DEBUG org.springframework.security.web.authentication.AnonymousAuthenticationFilter [http-nio-8080-exec-3] Set SecurityContextHolder to anonymous SecurityContext
2024-04-24 12:42:25,355 DEBUG org.springframework.security.web.authentication.AnonymousAuthenticationFilter [http-nio-8080-exec-2] Set SecurityContextHolder to anonymous SecurityContext
2024-04-24 12:42:25,356 DEBUG org.springframework.security.web.FilterChainProxy$VirtualFilterChain [http-nio-8080-exec-2] Secured GET /swagger-ui/springfox.css?v=3.0.0
2024-04-24 12:42:25,355 DEBUG org.springframework.security.web.FilterChainProxy [http-nio-8080-exec-4] Securing GET /swagger-ui/springfox.js?v=3.0.0
2024-04-24 12:42:25,356 DEBUG org.springframework.security.web.authentication.AnonymousAuthenticationFilter [http-nio-8080-exec-6] Set SecurityContextHolder to anonymous SecurityContext
2024-04-24 12:42:25,356 DEBUG org.springframework.security.web.context.SecurityContextPersistenceFilter [http-nio-8080-exec-5] Set SecurityContextHolder to empty SecurityContext
2024-04-24 12:42:25,356 DEBUG org.springframework.security.web.FilterChainProxy$VirtualFilterChain [http-nio-8080-exec-3] Secured GET /swagger-ui/swagger-ui.css?v=3.0.0
2024-04-24 12:42:25,356 DEBUG org.springframework.security.web.context.SecurityContextPersistenceFilter [http-nio-8080-exec-4] Set SecurityContextHolder to empty SecurityContext
2024-04-24 12:42:25,356 DEBUG org.springframework.security.web.FilterChainProxy$VirtualFilterChain [http-nio-8080-exec-6] Secured GET /swagger-ui/swagger-ui-bundle.js?v=3.0.0
2024-04-24 12:42:25,358 DEBUG org.springframework.security.web.authentication.AnonymousAuthenticationFilter [http-nio-8080-exec-4] Set SecurityContextHolder to anonymous SecurityContext
2024-04-24 12:42:25,360 DEBUG org.springframework.security.web.FilterChainProxy$VirtualFilterChain [http-nio-8080-exec-4] Secured GET /swagger-ui/springfox.js?v=3.0.0
2024-04-24 12:42:25,361 DEBUG org.springframework.security.web.context.SecurityContextPersistenceFilter [http-nio-8080-exec-2] Cleared SecurityContextHolder to complete request
2024-04-24 12:42:25,357 DEBUG org.springframework.security.web.authentication.AnonymousAuthenticationFilter [http-nio-8080-exec-5] Set SecurityContextHolder to anonymous SecurityContext
2024-04-24 12:42:25,367 DEBUG org.springframework.security.web.FilterChainProxy$VirtualFilterChain [http-nio-8080-exec-5] Secured GET /swagger-ui/swagger-ui-standalone-preset.js?v=3.0.0
2024-04-24 12:42:25,372 DEBUG org.springframework.security.web.context.SecurityContextPersistenceFilter [http-nio-8080-exec-3] Cleared SecurityContextHolder to complete request
2024-04-24 12:42:25,382 DEBUG org.springframework.security.web.context.SecurityContextPersistenceFilter [http-nio-8080-exec-4] Cleared SecurityContextHolder to complete request
2024-04-24 12:42:25,385 DEBUG org.springframework.security.web.context.SecurityContextPersistenceFilter [http-nio-8080-exec-5] Cleared SecurityContextHolder to complete request
2024-04-24 12:42:25,394 DEBUG org.springframework.security.web.context.SecurityContextPersistenceFilter [http-nio-8080-exec-6] Cleared SecurityContextHolder to complete request
2024-04-24 12:42:25,457 DEBUG org.springframework.security.web.FilterChainProxy [http-nio-8080-exec-7] Securing GET /swagger-resources/configuration/ui
2024-04-24 12:42:25,458 DEBUG org.springframework.security.web.context.SecurityContextPersistenceFilter [http-nio-8080-exec-7] Set SecurityContextHolder to empty SecurityContext
2024-04-24 12:42:25,459 DEBUG org.springframework.security.web.FilterChainProxy [http-nio-8080-exec-8] Securing GET /swagger-ui/favicon-32x32.png?v=3.0.0
2024-04-24 12:42:25,459 DEBUG org.springframework.security.web.authentication.AnonymousAuthenticationFilter [http-nio-8080-exec-7] Set SecurityContextHolder to anonymous SecurityContext
2024-04-24 12:42:25,460 DEBUG org.springframework.security.web.FilterChainProxy$VirtualFilterChain [http-nio-8080-exec-7] Secured GET /swagger-resources/configuration/ui
2024-04-24 12:42:25,460 DEBUG org.springframework.security.web.context.SecurityContextPersistenceFilter [http-nio-8080-exec-8] Set SecurityContextHolder to empty SecurityContext
2024-04-24 12:42:25,462 DEBUG org.springframework.security.web.authentication.AnonymousAuthenticationFilter [http-nio-8080-exec-8] Set SecurityContextHolder to anonymous SecurityContext
2024-04-24 12:42:25,463 DEBUG org.springframework.security.web.FilterChainProxy$VirtualFilterChain [http-nio-8080-exec-8] Secured GET /swagger-ui/favicon-32x32.png?v=3.0.0
2024-04-24 12:42:25,467 DEBUG org.springframework.security.web.context.SecurityContextPersistenceFilter [http-nio-8080-exec-7] Cleared SecurityContextHolder to complete request
2024-04-24 12:42:25,471 DEBUG org.springframework.security.web.context.SecurityContextPersistenceFilter [http-nio-8080-exec-8] Cleared SecurityContextHolder to complete request
2024-04-24 12:42:25,473 DEBUG org.springframework.security.web.FilterChainProxy [http-nio-8080-exec-8] Securing GET /swagger-resources/configuration/security
2024-04-24 12:42:25,473 DEBUG org.springframework.security.web.context.SecurityContextPersistenceFilter [http-nio-8080-exec-8] Set SecurityContextHolder to empty SecurityContext
2024-04-24 12:42:25,474 DEBUG org.springframework.security.web.authentication.AnonymousAuthenticationFilter [http-nio-8080-exec-8] Set SecurityContextHolder to anonymous SecurityContext
2024-04-24 12:42:25,474 DEBUG org.springframework.security.web.FilterChainProxy$VirtualFilterChain [http-nio-8080-exec-8] Secured GET /swagger-resources/configuration/security
2024-04-24 12:42:25,480 DEBUG org.springframework.security.web.context.SecurityContextPersistenceFilter [http-nio-8080-exec-8] Cleared SecurityContextHolder to complete request
2024-04-24 12:42:25,482 DEBUG org.springframework.security.web.FilterChainProxy [http-nio-8080-exec-9] Securing GET /swagger-resources
2024-04-24 12:42:25,482 DEBUG org.springframework.security.web.context.SecurityContextPersistenceFilter [http-nio-8080-exec-9] Set SecurityContextHolder to empty SecurityContext
2024-04-24 12:42:25,483 DEBUG org.springframework.security.web.authentication.AnonymousAuthenticationFilter [http-nio-8080-exec-9] Set SecurityContextHolder to anonymous SecurityContext
2024-04-24 12:42:25,483 DEBUG org.springframework.security.web.FilterChainProxy$VirtualFilterChain [http-nio-8080-exec-9] Secured GET /swagger-resources
2024-04-24 12:42:25,485 DEBUG org.springframework.security.web.context.SecurityContextPersistenceFilter [http-nio-8080-exec-9] Cleared SecurityContextHolder to complete request
2024-04-24 12:42:25,503 DEBUG org.springframework.security.web.FilterChainProxy [http-nio-8080-exec-10] Securing GET /v2/api-docs
2024-04-24 12:42:25,504 DEBUG org.springframework.security.web.context.SecurityContextPersistenceFilter [http-nio-8080-exec-10] Set SecurityContextHolder to empty SecurityContext
2024-04-24 12:42:25,504 DEBUG org.springframework.security.web.authentication.AnonymousAuthenticationFilter [http-nio-8080-exec-10] Set SecurityContextHolder to anonymous SecurityContext
2024-04-24 12:42:25,505 DEBUG org.springframework.security.web.FilterChainProxy$VirtualFilterChain [http-nio-8080-exec-10] Secured GET /v2/api-docs
2024-04-24 12:42:25,554 DEBUG org.springframework.security.web.context.SecurityContextPersistenceFilter [http-nio-8080-exec-10] Cleared SecurityContextHolder to complete request
